{
  "stats": {
    "suites": 20,
    "tests": 47,
    "passes": 47,
    "pending": 0,
    "failures": 0,
    "start": "2023-01-30T21:00:44.819Z",
    "end": "2023-01-30T21:03:47.309Z",
    "duration": 163559,
    "testsRegistered": 47,
    "passPercent": 100,
    "pendingPercent": 0,
    "other": 0,
    "hasOther": false,
    "skipped": 0,
    "hasSkipped": false
  },
  "results": [
    {
      "uuid": "04c97c77-7ed1-4b21-8f90-8217bc45f4a4",
      "title": "",
      "fullFile": "cypress/e2e/automation-test-store/add-multiple-items-to-basket.js",
      "file": "cypress/e2e/automation-test-store/add-multiple-items-to-basket.js",
      "beforeHooks": [],
      "afterHooks": [],
      "tests": [],
      "suites": [
        {
          "uuid": "e228b6a6-68b9-47c4-a92d-fc384c665e9b",
          "title": "Add multiple items to basket",
          "fullFile": "",
          "file": "",
          "beforeHooks": [],
          "afterHooks": [],
          "tests": [
            {
              "title": "Add specific items to basket",
              "fullTitle": "Add multiple items to basket Add specific items to basket",
              "timedOut": null,
              "duration": 78098,
              "state": "passed",
              "speed": "slow",
              "pass": true,
              "fail": false,
              "pending": false,
              "context": null,
              "code": "//    globalThis.data.productName.forEach(function(element) {\n//         cy.addProductToBasket(element)\n//     })\n//     cy.get('.dropdown-toggle > .fa').click()\n// POM\nautoStore_HairCare_PO.addHairCareProductsToBasket();",
              "err": {},
              "uuid": "06132eab-4a13-4244-b32d-70231e885721",
              "parentUUID": "e228b6a6-68b9-47c4-a92d-fc384c665e9b",
              "isHook": false,
              "skipped": false
            }
          ],
          "suites": [],
          "passes": [
            "06132eab-4a13-4244-b32d-70231e885721"
          ],
          "failures": [],
          "pending": [],
          "skipped": [],
          "duration": 78098,
          "root": false,
          "rootEmpty": false,
          "_timeout": 2000
        }
      ],
      "passes": [],
      "failures": [],
      "pending": [],
      "skipped": [],
      "duration": 0,
      "root": true,
      "rootEmpty": true,
      "_timeout": 2000
    },
    {
      "uuid": "a61151b8-61e7-4e47-a19f-400612f54fed",
      "title": "",
      "fullFile": "cypress/e2e/automation-test-store/alias-invoke.js",
      "file": "cypress/e2e/automation-test-store/alias-invoke.js",
      "beforeHooks": [],
      "afterHooks": [],
      "tests": [],
      "suites": [
        {
          "uuid": "11d5847d-7d4e-430c-ae9f-6d573c11268f",
          "title": "Alias and invoke",
          "fullFile": "",
          "file": "",
          "beforeHooks": [],
          "afterHooks": [],
          "tests": [
            {
              "title": "Calculate total of normal and sale products",
              "fullTitle": "Alias and invoke Calculate total of normal and sale products",
              "timedOut": null,
              "duration": 1160,
              "state": "passed",
              "speed": "fast",
              "pass": true,
              "fail": false,
              "pending": false,
              "context": null,
              "code": "cy.visit('https://www.automationteststore.com/');\ncy.get('.thumbnail').as('productThumbnail');\n// cy.get('@productThumbnail').find('.oneprice').each(($el, index, $list) => {\n//     cy.log($el.text())\n// })\ncy.get('.thumbnail').find('.oneprice').invoke('text').as('itemPrice');\n//      u klasi        trazimo klase     cupamo string      krstimo ga\ncy.get('.thumbnail').find('.pricenew').invoke('text').as('saleItemPrice');\nlet allItemsTotal = 0;\ncy.get('@itemPrice').then($linkText => {\n  let itemsPriceTotal = 0;\n  let itemPrice = $linkText.split('$');\n  //                        splituje $ koji je u stringu cena, da bi uzeo samo broj od stringa\n  let i;\n  for (let i = 0; i < itemPrice.length; i++) {\n    cy.log('Price for article number ' + [i] + '. is: ' + itemPrice[i] + ' USD');\n    // ovo sam ja ulepsavao ispis cypress konzole\n    cy.log(itemPrice[i]);\n    itemsPriceTotal += Number(itemPrice[i]);\n    //                 konvertuje string u broj\n    // ovo dodaje svaku cenu u prethodnu totalnu cenu (krece zato od nule) da bismo dobili ukupnu cenu svega\n  }\n  allItemsTotal += itemsPriceTotal;\n  cy.log('Non sale price items total: ' + itemsPriceTotal + ' USD');\n});\ncy.get('@saleItemPrice').then($linkText => {\n  let saleItemsPriceTotal = 0;\n  let saleItemPrice = $linkText.split('$');\n  let i;\n  for (let i = 0; i < saleItemPrice.length; i++) {\n    cy.log('Price for article on sale number ' + [i] + '. is: ' + saleItemPrice[i] + ' USD');\n    cy.log(saleItemPrice[i]);\n    saleItemsPriceTotal += Number(saleItemPrice[i]);\n  }\n  allItemsTotal += saleItemsPriceTotal;\n  cy.log('Sale price items total: ' + saleItemsPriceTotal + ' USD');\n}).then(() => {\n  cy.log(\"The total price of all products is : \" + allItemsTotal);\n  expect(allItemsTotal).to.eq(625.6);\n  //               ovo smo izracunali peske pa upisali\n  //               to je sava zbir oba zbira\n});",
              "err": {},
              "uuid": "1d1589bb-d2f9-40e7-99d2-0aba784f958d",
              "parentUUID": "11d5847d-7d4e-430c-ae9f-6d573c11268f",
              "isHook": false,
              "skipped": false
            }
          ],
          "suites": [],
          "passes": [
            "1d1589bb-d2f9-40e7-99d2-0aba784f958d"
          ],
          "failures": [],
          "pending": [],
          "skipped": [],
          "duration": 1160,
          "root": false,
          "rootEmpty": false,
          "_timeout": 2000
        }
      ],
      "passes": [],
      "failures": [],
      "pending": [],
      "skipped": [],
      "duration": 0,
      "root": true,
      "rootEmpty": true,
      "_timeout": 2000
    },
    {
      "uuid": "82c350ab-1582-477c-a727-5eb42396ef3b",
      "title": "",
      "fullFile": "cypress/e2e/automation-test-store/contact-us.js",
      "file": "cypress/e2e/automation-test-store/contact-us.js",
      "beforeHooks": [],
      "afterHooks": [],
      "tests": [],
      "suites": [
        {
          "uuid": "d22db36c-5d85-4f5b-b110-5beefefa9018",
          "title": "Test Contact Us form via Automation Test Store",
          "fullFile": "",
          "file": "",
          "beforeHooks": [],
          "afterHooks": [],
          "tests": [
            {
              "title": "Should be able to submit a successful submission via contact us form",
              "fullTitle": "Test Contact Us form via Automation Test Store Should be able to submit a successful submission via contact us form",
              "timedOut": null,
              "duration": 3858,
              "state": "passed",
              "speed": "fast",
              "pass": true,
              "fail": false,
              "pending": false,
              "context": null,
              "code": "cy.visit('https://www.automationteststore.com/');\n//cy.get('.info_links_footer > :nth-child(5) > a').click()\n//a[contains(@href, 'contact')]\n//cy.xpath(\"//a[contains(@href, 'contact')]\").click()\ncy.get(\"a[href$='contact']\").click().then(function (linkText) {\n  console.log('Clicked the following link: ' + linkText.text());\n  cy.log('Clicked the following link: ' + linkText.text());\n});\n//cy.get('#ContactUsFrm_email').type('toto@schillaci.it')\n//cy.get('#ContactUsFrm_first_name').type('Totò')\ncy.get('@user').then(user => {\n  cy.get('#ContactUsFrm_first_name').type(user.firstName);\n  //                                              firstName je ime za usera iz json fajla\n  cy.get('#ContactUsFrm_email').type(user.email);\n  //                                      email je iz json fajla\n});\ncy.get('#ContactUsFrm_email').should('have.attr', 'name', 'email');\ncy.get('#ContactUsFrm_enquiry').type(\"Real Totò's name is Salvatore. So, full name is Salvatore Totò  Schillaci.\");\n//cy.get('.col-md-6 > .btn').click()\ncy.get(\"button[title='Submit']\").click();\ncy.get('.mb40 > :nth-child(3)').should('have.text', 'Your enquiry has been successfully sent to the store owner!');\n//console.log('Test has completed!')\ncy.log('Test has completed!');",
              "err": {},
              "uuid": "c1adc33c-7726-4af6-b94d-7d2c3104204b",
              "parentUUID": "d22db36c-5d85-4f5b-b110-5beefefa9018",
              "isHook": false,
              "skipped": false
            }
          ],
          "suites": [],
          "passes": [
            "c1adc33c-7726-4af6-b94d-7d2c3104204b"
          ],
          "failures": [],
          "pending": [],
          "skipped": [],
          "duration": 3858,
          "root": false,
          "rootEmpty": false,
          "_timeout": 2000
        }
      ],
      "passes": [],
      "failures": [],
      "pending": [],
      "skipped": [],
      "duration": 0,
      "root": true,
      "rootEmpty": true,
      "_timeout": 2000
    },
    {
      "uuid": "8f4c0d98-6bc2-42fe-9e8e-1d50351dfcdd",
      "title": "",
      "fullFile": "cypress/e2e/automation-test-store/inspect-item.js",
      "file": "cypress/e2e/automation-test-store/inspect-item.js",
      "beforeHooks": [],
      "afterHooks": [],
      "tests": [],
      "suites": [
        {
          "uuid": "5560bcc1-6d96-4c6b-a3a0-bd603d9c96fb",
          "title": "Inspect Automation Test Store items using chain of commands",
          "fullFile": "",
          "file": "",
          "beforeHooks": [],
          "afterHooks": [],
          "tests": [
            {
              "title": "Click on the first item using item text",
              "fullTitle": "Inspect Automation Test Store items using chain of commands Click on the first item using item text",
              "timedOut": null,
              "duration": 1835,
              "state": "passed",
              "speed": "fast",
              "pass": true,
              "fail": false,
              "pending": false,
              "context": null,
              "code": "cy.visit('https://www.automationteststore.com/');\ncy.get('.prdocutname').contains('Skinsheen Bronzer Stick').click().then(function (itemHeaderText) {\n  console.log('Selected the following item: ' + itemHeaderText.text());\n  cy.log('Selected the following item: ' + itemHeaderText.text());\n});\n// css klasa ispisuje velikim slovima ime, \n// ali je u kodu i tekstu <a> ovako iznad 'Skinsheen Bronzer Stick'",
              "err": {},
              "uuid": "50839003-66cc-4630-adcd-daea69491505",
              "parentUUID": "5560bcc1-6d96-4c6b-a3a0-bd603d9c96fb",
              "isHook": false,
              "skipped": false
            }
          ],
          "suites": [],
          "passes": [
            "50839003-66cc-4630-adcd-daea69491505"
          ],
          "failures": [],
          "pending": [],
          "skipped": [],
          "duration": 1835,
          "root": false,
          "rootEmpty": false,
          "_timeout": 2000
        }
      ],
      "passes": [],
      "failures": [],
      "pending": [],
      "skipped": [],
      "duration": 0,
      "root": true,
      "rootEmpty": true,
      "_timeout": 2000
    },
    {
      "uuid": "83da649f-4029-4e3d-bebd-7ff281abc9f4",
      "title": "",
      "fullFile": "cypress/e2e/automation-test-store/iterate-over-elements.js",
      "file": "cypress/e2e/automation-test-store/iterate-over-elements.js",
      "beforeHooks": [],
      "afterHooks": [],
      "tests": [],
      "suites": [
        {
          "uuid": "ef0047d9-c39f-4f7c-b58e-4260fa507885",
          "title": "Iterate over elements",
          "fullFile": "",
          "file": "",
          "beforeHooks": [],
          "afterHooks": [],
          "tests": [
            {
              "title": "Log information of all hair care products",
              "fullTitle": "Iterate over elements Log information of all hair care products",
              "timedOut": null,
              "duration": 1878,
              "state": "passed",
              "speed": "fast",
              "pass": true,
              "fail": false,
              "pending": false,
              "context": null,
              "code": "// cy.visit('https://www.automationteststore.com/')\n// cy.get(\"a[href*='product/category&path=']\").contains(\"Hair Care\").click()\ncy.get('.fixed_wrapper .prdocutname').each(($el, index, $list) => {\n  cy.log('Index: ' + index + ' : ' + $el.text());\n});",
              "err": {},
              "uuid": "10110d20-3230-4a44-8a93-cd4a1cc0defd",
              "parentUUID": "ef0047d9-c39f-4f7c-b58e-4260fa507885",
              "isHook": false,
              "skipped": false
            },
            {
              "title": "Add specific product to basket",
              "fullTitle": "Iterate over elements Add specific product to basket",
              "timedOut": null,
              "duration": 1882,
              "state": "passed",
              "speed": "fast",
              "pass": true,
              "fail": false,
              "pending": false,
              "context": null,
              "code": "// cy.visit('https://www.automationteststore.com/')\n// cy.get(\"a[href*='product/category&path=']\").contains(\"Hair Care\").click()\n// cy.get('.fixed_wrapper .prdocutname').each(($el, index, $list) => {\n//     if ($el.text().includes('Curls to straight Shampoo')) {\n//         cy.wrap($el).click()\n//     }\n// })\n// ZAKOMENTARISALI SMO JER SMO OVO PREBSCILI KAO KASTM KOMANDU i SAMO JE POZOVEMO\ncy.selectProduct('Curls to straight Shampoo');\n// prosledjujemo tekst iz hedera i zapravo mozemo samo da menjamo lagano",
              "err": {},
              "uuid": "4363101a-3404-44e7-9981-4e1383446f33",
              "parentUUID": "ef0047d9-c39f-4f7c-b58e-4260fa507885",
              "isHook": false,
              "skipped": false
            },
            {
              "title": "Add another specific product to basket",
              "fullTitle": "Iterate over elements Add another specific product to basket",
              "timedOut": null,
              "duration": 1947,
              "state": "passed",
              "speed": "fast",
              "pass": true,
              "fail": false,
              "pending": false,
              "context": null,
              "code": "cy.selectProduct(\"Seaweed Conditioner\");",
              "err": {},
              "uuid": "a4de599b-6394-4e10-abd8-f9a196a5ae45",
              "parentUUID": "ef0047d9-c39f-4f7c-b58e-4260fa507885",
              "isHook": false,
              "skipped": false
            },
            {
              "title": "Add another specific product to basket",
              "fullTitle": "Iterate over elements Add another specific product to basket",
              "timedOut": null,
              "duration": 2053,
              "state": "passed",
              "speed": "fast",
              "pass": true,
              "fail": false,
              "pending": false,
              "context": null,
              "code": "cy.selectProduct(\"Eau Parfumee au The Vert Shampoo\");",
              "err": {},
              "uuid": "bb35a937-6c15-4a0f-8bfe-1b9a2c5c0d22",
              "parentUUID": "ef0047d9-c39f-4f7c-b58e-4260fa507885",
              "isHook": false,
              "skipped": false
            }
          ],
          "suites": [],
          "passes": [
            "10110d20-3230-4a44-8a93-cd4a1cc0defd",
            "4363101a-3404-44e7-9981-4e1383446f33",
            "a4de599b-6394-4e10-abd8-f9a196a5ae45",
            "bb35a937-6c15-4a0f-8bfe-1b9a2c5c0d22"
          ],
          "failures": [],
          "pending": [],
          "skipped": [],
          "duration": 7760,
          "root": false,
          "rootEmpty": false,
          "_timeout": 2000
        }
      ],
      "passes": [],
      "failures": [],
      "pending": [],
      "skipped": [],
      "duration": 0,
      "root": true,
      "rootEmpty": true,
      "_timeout": 2000
    },
    {
      "uuid": "c98dddb0-f0a4-4343-b580-98e430027156",
      "title": "",
      "fullFile": "cypress/e2e/automation-test-store/variables-and-cy-commands.js",
      "file": "cypress/e2e/automation-test-store/variables-and-cy-commands.js",
      "beforeHooks": [],
      "afterHooks": [],
      "tests": [],
      "suites": [
        {
          "uuid": "738d8f52-2977-433d-be8c-260f50e7a117",
          "title": "Verifying variables, Cypress commands and jQuery commands",
          "fullFile": "",
          "file": "",
          "beforeHooks": [],
          "afterHooks": [],
          "tests": [
            {
              "title": "Validate propeties of Contact us Page",
              "fullTitle": "Verifying variables, Cypress commands and jQuery commands Validate propeties of Contact us Page",
              "timedOut": null,
              "duration": 867,
              "state": "passed",
              "speed": "fast",
              "pass": true,
              "fail": false,
              "pending": false,
              "context": null,
              "code": "cy.visit('https://automationteststore.com/index.php?rt=content/contact');\n// Uses cypress commands and chaining\ncy.contains('#ContactUsFrm', 'Contact Us Form').find('#field_11').should('contain', 'First name');\n//              idForme      sadrzi tekst u Formi      id diva                       sadrzi tekst\n// JQuery Approach\ncy.contains('#ContactUsFrm', 'Contact Us Form').then(text => {\n  const firstNameText = text.find('#field_11').text();\n  expect(firstNameText).to.contain('First name');\n  // Embedded commands (Closure)\n  cy.get('#field_11').then(fnText => {\n    cy.log(fnText.text());\n    cy.log(fnText);\n  });\n});",
              "err": {},
              "uuid": "48ae0e04-7b77-4a12-bef6-8315f5d3cf89",
              "parentUUID": "738d8f52-2977-433d-be8c-260f50e7a117",
              "isHook": false,
              "skipped": false
            }
          ],
          "suites": [],
          "passes": [
            "48ae0e04-7b77-4a12-bef6-8315f5d3cf89"
          ],
          "failures": [],
          "pending": [],
          "skipped": [],
          "duration": 867,
          "root": false,
          "rootEmpty": false,
          "_timeout": 2000
        }
      ],
      "passes": [],
      "failures": [],
      "pending": [],
      "skipped": [],
      "duration": 0,
      "root": true,
      "rootEmpty": true,
      "_timeout": 2000
    },
    {
      "uuid": "ca87d265-c7da-456d-b36b-170d0ebc6561",
      "title": "",
      "fullFile": "cypress/e2e/webdriver-uni/autocomplete-dropdown-list.js",
      "file": "cypress/e2e/webdriver-uni/autocomplete-dropdown-list.js",
      "beforeHooks": [],
      "afterHooks": [],
      "tests": [],
      "suites": [
        {
          "uuid": "344d7aac-b0a0-407d-bae8-f25cf01cebaa",
          "title": "Verify Autocomplete dropdown lists via webdriveruni",
          "fullFile": "",
          "file": "",
          "beforeHooks": [],
          "afterHooks": [],
          "tests": [
            {
              "title": "Select specific product via autocomplete lists",
              "fullTitle": "Verify Autocomplete dropdown lists via webdriveruni Select specific product via autocomplete lists",
              "timedOut": null,
              "duration": 2942,
              "state": "passed",
              "speed": "fast",
              "pass": true,
              "fail": false,
              "pending": false,
              "context": null,
              "code": "cy.visit('http://www.webdriveruniversity.com/');\ncy.get('#autocomplete-textfield').invoke('removeAttr', 'target').click();\ncy.get('#myInput').type('A');\ncy.get('#myInputautocomplete-list > *').each(($el, index, $list) => {\n  //  div koji prikazuje rezultate na auto kucanje\n  //  dodajemo > * jer * obuhvata sve rezultate\n  const product = $el.text();\n  // sa JQuery cupamo tekst\n  const productToSelect = 'Apple';\n  //                      ono sto trazimo\n  if (product === productToSelect) {\n    // $el.click() \n    //noviji cypress precrtava click(); sada se koristi trigger(\"click\")\n    $el.trigger(\"click\");\n    cy.get('#submit-button').click();\n    cy.url().should('include', productToSelect);\n    //                      zato sto izabrani proizvod ide u url\n  }\n}).then(() => {\n  cy.get('#myInput').type('g');\n  cy.get('#myInputautocomplete-list > *').each(($el, index, $list) => {\n    const product = $el.text();\n    const productToSelect = 'Grapes';\n    if (product === productToSelect) {\n      $el.trigger(\"click\");\n      cy.get('#submit-button').click();\n      cy.url().should('include', productToSelect);\n      //                      zato sto izabrani proizvod ide u url\n    }\n  });\n});",
              "err": {},
              "uuid": "b8838c67-3e33-4333-bcb0-761c5e9c7cf4",
              "parentUUID": "344d7aac-b0a0-407d-bae8-f25cf01cebaa",
              "isHook": false,
              "skipped": false
            }
          ],
          "suites": [],
          "passes": [
            "b8838c67-3e33-4333-bcb0-761c5e9c7cf4"
          ],
          "failures": [],
          "pending": [],
          "skipped": [],
          "duration": 2942,
          "root": false,
          "rootEmpty": false,
          "_timeout": 2000
        }
      ],
      "passes": [],
      "failures": [],
      "pending": [],
      "skipped": [],
      "duration": 0,
      "root": true,
      "rootEmpty": true,
      "_timeout": 2000
    },
    {
      "uuid": "f1e600be-8de1-44f8-bd83-c345e02ebac8",
      "title": "",
      "fullFile": "cypress/e2e/webdriver-uni/browser-navigation.js",
      "file": "cypress/e2e/webdriver-uni/browser-navigation.js",
      "beforeHooks": [],
      "afterHooks": [],
      "tests": [],
      "suites": [
        {
          "uuid": "770fa2a4-bc4d-4fe1-8e8d-a3bfb8727626",
          "title": "Validate webdriveruni homepage links",
          "fullFile": "",
          "file": "",
          "beforeHooks": [],
          "afterHooks": [],
          "tests": [
            {
              "title": "Confirm links redirect to correct pages",
              "fullTitle": "Validate webdriveruni homepage links Confirm links redirect to correct pages",
              "timedOut": null,
              "duration": 4613,
              "state": "passed",
              "speed": "fast",
              "pass": true,
              "fail": false,
              "pending": false,
              "context": null,
              "code": "//cypress code\ncy.visit('http://www.webdriveruniversity.com/');\ncy.get('#contact-us').invoke('removeAttr', 'target').click({\n  force: true\n});\ncy.url().should('include', 'contactus');\n//                         kraj url .html\ncy.go('back');\n// komanda za unazad\ncy.reload();\ncy.url().should('include', 'http://www.webdriveruniversity.com/');\n//cy.reload(true)\n// reload without using cache\ncy.go('forward');\ncy.url().should('include', 'contactus');\ncy.go('back');\ncy.get('#login-portal').invoke('removeAttr', 'target').click();\n//                                                      ne mora force: true jer je noviji cypress\ncy.url().should('include', 'Login-Portal');\ncy.go('back');\ncy.get('#to-do-list').invoke('removeAttr', 'target').click();\ncy.url().should('include', 'To-Do-List');",
              "err": {},
              "uuid": "3b4fa594-cbc6-4213-85bc-e5b833fe1acd",
              "parentUUID": "770fa2a4-bc4d-4fe1-8e8d-a3bfb8727626",
              "isHook": false,
              "skipped": false
            }
          ],
          "suites": [],
          "passes": [
            "3b4fa594-cbc6-4213-85bc-e5b833fe1acd"
          ],
          "failures": [],
          "pending": [],
          "skipped": [],
          "duration": 4613,
          "root": false,
          "rootEmpty": false,
          "_timeout": 2000
        }
      ],
      "passes": [],
      "failures": [],
      "pending": [],
      "skipped": [],
      "duration": 0,
      "root": true,
      "rootEmpty": true,
      "_timeout": 2000
    },
    {
      "uuid": "4129f110-e252-451c-b023-ab529e4d6a60",
      "title": "",
      "fullFile": "cypress/e2e/webdriver-uni/checkboxes.js",
      "file": "cypress/e2e/webdriver-uni/checkboxes.js",
      "beforeHooks": [],
      "afterHooks": [],
      "tests": [],
      "suites": [
        {
          "uuid": "7526bf28-e3dc-4e4c-aae4-17509419e407",
          "title": "Verify checkboxes via webdriveruni",
          "fullFile": "",
          "file": "",
          "beforeHooks": [],
          "afterHooks": [],
          "tests": [
            {
              "title": "Check and validate checkbox",
              "fullTitle": "Verify checkboxes via webdriveruni Check and validate checkbox",
              "timedOut": null,
              "duration": 507,
              "state": "passed",
              "speed": "fast",
              "pass": true,
              "fail": false,
              "pending": false,
              "context": null,
              "code": "// cy.visit('http://www.webdriveruniversity.com/')\n// cy.get('#dropdown-checkboxes-radiobuttons').invoke('removeAttr', 'target').click()\n//cy.get('#checkboxes > :nth-child(1) > input').check()\n//cy.get('#checkboxes > :nth-child(1) > input').check().should('be.checked')\ncy.get('#checkboxes > :nth-child(1) > input').check().as('option-1');\ncy.get('@option-1').check();\ncy.get('@option-1').check().should('be.checked');",
              "err": {},
              "uuid": "6dff507e-0a41-450d-8489-bf5fa30cc2b8",
              "parentUUID": "7526bf28-e3dc-4e4c-aae4-17509419e407",
              "isHook": false,
              "skipped": false
            },
            {
              "title": "Uncheck and validate uncheckbox",
              "fullTitle": "Verify checkboxes via webdriveruni Uncheck and validate uncheckbox",
              "timedOut": null,
              "duration": 185,
              "state": "passed",
              "speed": "fast",
              "pass": true,
              "fail": false,
              "pending": false,
              "context": null,
              "code": "// cy.visit('http://www.webdriveruniversity.com/')\n// cy.get('#dropdown-checkboxes-radiobuttons').invoke('removeAttr', 'target').click()\ncy.get('#checkboxes > :nth-child(5) > input').uncheck().as('option-3');\ncy.get('@option-3').uncheck();\ncy.get('@option-3').uncheck().should('not.be.checked');",
              "err": {},
              "uuid": "632be95e-18a3-450f-b4d9-8eccffa836bf",
              "parentUUID": "7526bf28-e3dc-4e4c-aae4-17509419e407",
              "isHook": false,
              "skipped": false
            },
            {
              "title": "Check multiple checkboxes",
              "fullTitle": "Verify checkboxes via webdriveruni Check multiple checkboxes",
              "timedOut": null,
              "duration": 330,
              "state": "passed",
              "speed": "fast",
              "pass": true,
              "fail": false,
              "pending": false,
              "context": null,
              "code": "// cy.visit('http://www.webdriveruniversity.com/')\n// cy.get('#dropdown-checkboxes-radiobuttons').invoke('removeAttr', 'target').click()\ncy.get('input[type=\"checkbox\"]').check(['option-1', 'option-2', 'option-4']).should('be.checked');\n//                                                          option-3 je defult checkiran",
              "err": {},
              "uuid": "096c93e3-1c0b-4fae-b351-d656237d5e0b",
              "parentUUID": "7526bf28-e3dc-4e4c-aae4-17509419e407",
              "isHook": false,
              "skipped": false
            }
          ],
          "suites": [],
          "passes": [
            "6dff507e-0a41-450d-8489-bf5fa30cc2b8",
            "632be95e-18a3-450f-b4d9-8eccffa836bf",
            "096c93e3-1c0b-4fae-b351-d656237d5e0b"
          ],
          "failures": [],
          "pending": [],
          "skipped": [],
          "duration": 1022,
          "root": false,
          "rootEmpty": false,
          "_timeout": 2000
        }
      ],
      "passes": [],
      "failures": [],
      "pending": [],
      "skipped": [],
      "duration": 0,
      "root": true,
      "rootEmpty": true,
      "_timeout": 2000
    },
    {
      "uuid": "e681e325-a203-429d-82ef-96de755b0aa9",
      "title": "",
      "fullFile": "cypress/e2e/webdriver-uni/contact-us.js",
      "file": "cypress/e2e/webdriver-uni/contact-us.js",
      "beforeHooks": [],
      "afterHooks": [],
      "tests": [],
      "suites": [
        {
          "uuid": "e42f02c2-5ae4-403f-8ff2-8eceec4305d9",
          "title": "Test Contact Us form via WebdriverUni",
          "fullFile": "",
          "file": "",
          "beforeHooks": [],
          "afterHooks": [],
          "tests": [
            {
              "title": "Should be able to submit a successful submission via contact us form",
              "fullTitle": "Test Contact Us form via WebdriverUni Should be able to submit a successful submission via contact us form",
              "timedOut": null,
              "duration": 6726,
              "state": "passed",
              "speed": "medium",
              "pass": true,
              "fail": false,
              "pending": false,
              "context": null,
              "code": "//cypress code\n//cy.visit('http://www.webdriveruniversity.com/')\ncy.document().should(\"have.property\", \"charset\").and(\"eq\", \"UTF-8\");\n// ovim iznad asertujemo da li dokument, tj html stranica, ima charset sa vrednoscu utf-8 \n// koji stoji u jednom od meta tagova\n// iako je u tagu malo utf ovde se kuca veliko UTF\n// sad pomocu jQuery idemo na klik koji otvara u sl tabu (cypress ne radi sa vise tabova)\n// ali peglamo ga\n// cy.get('#contact-us').invoke('removeAttr', 'target').click({force:true})\n//                        jQuery komanda da uklonimo atribut da ne bi otvarao zbog _blank u novom tabu\n//cy.get('#contact-us').click({force:true})\n// force true je dodat kao option ali zapravo novi cypress klikce a da ne mora force\ncy.title().should(\"include\", \"WebDriver | Contact Us\");\ncy.url().should(\"include\", \"contactus\");\n// uzet samo deo url\n// //cy.get('[name=\"first_name\"]').type('Totò')\n// cy.get('[name=\"first_name\"]').type(data.first_name)  // uzimamo iz json fajla\n// //cy.get('[name=\"last_name\"]').type('Schillaci')\n// cy.get('[name=\"last_name\"]').type(data.last_name)  // uzimamo iz json fajla\n// //cy.get('[name=\"email\"]').type('toto@schillaci.it')\n// cy.get('[name=\"email\"]').type(data.email)  // uzimamo iz json fajla\n// // cy.get('textarea.feedback-input').type\n// //      (\"Real Totò's name is Salvatore. So, full name is Salvatore Totò  Schillaci.\")\n// cy.get('textarea.feedback-input').type(data.totoStory)  // uzimamo iz json fajla\n// cy.get('[type=\"submit\"]').click()\n// cy.get('h1').should('have.text', 'Thank You for your Message!')\n//cy.webdriverUni_ContactForm_Submission(data.first_name, data.last_name, data.email, data.totoStory, \"h1\", \"Thank You for your Message!\")\n//       u sl redu ucitavamo first_name iz cypres.config,js fajla iz env{} dela koji smo dodali\n//cy.webdriverUni_ContactForm_Submission(Cypress.env(\"first_name\"), data.last_name, data.email, data.totoStory, \"h1\", \"Thank You for your Message!\")\n// umesto ovgo gore sad uzimamo iz PO fajla\n//const contact_Us_PO = new Contact_Us_Page_PO()\n// selimo const u describe\ncontact_Us_PO.contactForm_Submission(Cypress.env(\"first_name\"), data.last_name, data.email, data.totoStory, \"h1\", \"Thank You for your Message!\");",
              "err": {},
              "uuid": "b6ee4bee-fb3c-44ca-8185-233047825513",
              "parentUUID": "e42f02c2-5ae4-403f-8ff2-8eceec4305d9",
              "isHook": false,
              "skipped": false
            },
            {
              "title": "Should not be able to submit a successful submission via contact us form as all fields are required",
              "fullTitle": "Test Contact Us form via WebdriverUni Should not be able to submit a successful submission via contact us form as all fields are required",
              "timedOut": null,
              "duration": 5867,
              "state": "passed",
              "speed": "medium",
              "pass": true,
              "fail": false,
              "pending": false,
              "context": null,
              "code": "//cypress code\n// cy.visit('http://www.webdriveruniversity.com/Contact-Us/contactus.html')\n//cy.get('#contact-us').click({force: true}) \n// force true je dodat kao option ali zapravo novi cypress klikce a da ne mora force\n// cy.get('[name=\"first_name\"]').type('Totò')\n// cy.get('[name=\"last_name\"]').type('Schillaci')\n// //cy.get('[name=\"email\"]').type('toto@schillaci.it')\n// cy.get('textarea.feedback-input').type\n//     (\"Real Totò's name is Salvatore. So, full name is Salvatore Totò  Schillaci.\")\n// cy.get('[name=\"first_name\"]').type(data.first_name)  // uzimamo iz json fajla\n// //cy.get('[name=\"last_name\"]').type('Schillaci')\n// cy.get('[name=\"last_name\"]').type(data.last_name)  // uzimamo iz json fajla\n// //cy.get('[name=\"email\"]').type('toto@schillaci.it')\n// //cy.get('[name=\"email\"]').type(data.email)  // uzimamo iz json fajla\n// // cy.get('textarea.feedback-input').type\n// //      (\"Real Totò's name is Salvatore. So, full name is Salvatore Totò  Schillaci.\")\n// cy.get('textarea.feedback-input').type(data.totoStory)  // uzimamo iz json fajla\n// cy.get('[type=\"submit\"]').click()\n// cy.get('body').contains('Error: all fields are required')\n// cy.get('body').contains('Error: Invalid email address')\n//cy.webdriverUni_ContactForm_Submission(data.first_name, data.last_name, \" \", data.totoStory, \"body\", \"Error: Invalid email address\")\n//                                                                      email je prazan jer email ne prosledjujemo\n// POM\n//const contact_Us_PO = new Contact_Us_Page_PO()\n// selimo const u describe\ncontact_Us_PO.contactForm_Submission(Cypress.env(\"first_name\"), data.last_name, \" \", data.totoStory, \"body\", \"Error: Invalid email address\");",
              "err": {},
              "uuid": "e5ff4a49-f447-4337-a56e-8641a38ba93e",
              "parentUUID": "e42f02c2-5ae4-403f-8ff2-8eceec4305d9",
              "isHook": false,
              "skipped": false
            }
          ],
          "suites": [],
          "passes": [
            "b6ee4bee-fb3c-44ca-8185-233047825513",
            "e5ff4a49-f447-4337-a56e-8641a38ba93e"
          ],
          "failures": [],
          "pending": [],
          "skipped": [],
          "duration": 12593,
          "root": false,
          "rootEmpty": false,
          "_timeout": 2000
        }
      ],
      "passes": [],
      "failures": [],
      "pending": [],
      "skipped": [],
      "duration": 0,
      "root": true,
      "rootEmpty": true,
      "_timeout": 2000
    },
    {
      "uuid": "9ebdeed1-4240-4ac5-a8ad-00c209261b67",
      "title": "",
      "fullFile": "cypress/e2e/webdriver-uni/data-tables.js",
      "file": "cypress/e2e/webdriver-uni/data-tables.js",
      "beforeHooks": [],
      "afterHooks": [],
      "tests": [],
      "suites": [
        {
          "uuid": "95b3b7fa-a9d9-4ca0-a774-afd20da5d8a1",
          "title": "Handling data via webdriveruni",
          "fullFile": "",
          "file": "",
          "beforeHooks": [],
          "afterHooks": [],
          "tests": [
            {
              "title": "Calculate and assert the total age of all users",
              "fullTitle": "Handling data via webdriveruni Calculate and assert the total age of all users",
              "timedOut": null,
              "duration": 627,
              "state": "passed",
              "speed": "fast",
              "pass": true,
              "fail": false,
              "pending": false,
              "context": null,
              "code": "let userDetails = [];\nlet numb = 0;\ncy.get('#thumbnail-1 td').each(($el, index, $list) => {\n  userDetails[index] = $el.text();\n}).then(() => {\n  let i;\n  for (let i = 0; i < userDetails.length; i++) {\n    //cy.log(userDetails[i])\n    if (Number(userDetails[i])) {\n      // ako je celija sa brojem dodaj\n      numb += Number(userDetails[i]);\n      //  samo celije gde imamo brojeve\n    }\n  }\n  cy.log('Zbir godina korisnika iz tabele iznosi: ' + numb);\n  expect(numb).to.eq(322);\n});",
              "err": {},
              "uuid": "1804da73-632d-447f-93b2-477474ff8d09",
              "parentUUID": "95b3b7fa-a9d9-4ca0-a774-afd20da5d8a1",
              "isHook": false,
              "skipped": false
            },
            {
              "title": "Calculate and assert the age of a given user based on last name",
              "fullTitle": "Handling data via webdriveruni Calculate and assert the age of a given user based on last name",
              "timedOut": null,
              "duration": 218,
              "state": "passed",
              "speed": "fast",
              "pass": true,
              "fail": false,
              "pending": false,
              "context": null,
              "code": "cy.get('#thumbnail-1 tr td:nth-child(2)').each(($el, index, $list) => {\n  const text = $el.text();\n  if (text.includes(\"Woods\")) {\n    cy.get('#thumbnail-1 tr td:nth-child(2)').eq(index).next().then(function (age) {\n      const userAge = age.text();\n      expect(userAge).to.eq(\"80\");\n      cy.log(\"Gosn. \" + text + \" ima \" + userAge + \" godina.\");\n    });\n  }\n});",
              "err": {},
              "uuid": "54698fa2-0c64-49cb-8c17-c694f5973c68",
              "parentUUID": "95b3b7fa-a9d9-4ca0-a774-afd20da5d8a1",
              "isHook": false,
              "skipped": false
            }
          ],
          "suites": [],
          "passes": [
            "1804da73-632d-447f-93b2-477474ff8d09",
            "54698fa2-0c64-49cb-8c17-c694f5973c68"
          ],
          "failures": [],
          "pending": [],
          "skipped": [],
          "duration": 845,
          "root": false,
          "rootEmpty": false,
          "_timeout": 2000
        }
      ],
      "passes": [],
      "failures": [],
      "pending": [],
      "skipped": [],
      "duration": 0,
      "root": true,
      "rootEmpty": true,
      "_timeout": 2000
    },
    {
      "uuid": "4bef3713-fac6-4bd2-a1af-06289adcbc0a",
      "title": "",
      "fullFile": "cypress/e2e/webdriver-uni/datepicker.js",
      "file": "cypress/e2e/webdriver-uni/datepicker.js",
      "beforeHooks": [],
      "afterHooks": [],
      "tests": [],
      "suites": [
        {
          "uuid": "a6fa9be8-cf9b-4c83-a9f7-266a396bc0ff",
          "title": "Test Datepicker via vebdriveruni",
          "fullFile": "",
          "file": "",
          "beforeHooks": [],
          "afterHooks": [],
          "tests": [
            {
              "title": "Select date from datepicker",
              "fullTitle": "Test Datepicker via vebdriveruni Select date from datepicker",
              "timedOut": null,
              "duration": 2290,
              "state": "passed",
              "speed": "fast",
              "pass": true,
              "fail": false,
              "pending": false,
              "context": null,
              "code": "// let dateStart = new Date()\n// dateStart.setDate(dateStart.getDate())        // get current day\n// cy.log('Pocetni datum je: ' + dateStart.getDate() + '.')\n// let dateEnd = new Date()\n// dateEnd.setDate(dateStart.getDate() + 5)    //  br dana koji zelimo da dodamo\n// cy.log('Krajnji datum je: ' + dateEnd.getDate() + '.')              // current date + 5 days\nlet date = new Date();\ndate.setDate(date.getDate() + 409); //  dane dodajemo na osnovu danjasnjeg\nlet futureDay = date.getDate();\nlet futureMonth = date.toLocaleString('default', {\n  month: \"long\"\n});\nlet futureYear = date.getFullYear();\ncy.log('Future day to select: ' + futureDay);\ncy.log('Future month to select: ' + futureMonth);\ncy.log('Future year to select: ' + futureYear);\nfunction selectMonthAndYear() {\n  cy.get('.datepicker-dropdown').find('.datepicker-switch').first().then(currentDate => {\n    if (!currentDate.text().includes(futureYear)) {\n      cy.get('.next').first().click();\n      selectMonthAndYear();\n      // klikci dok ne stoignes do sl godine\n    }\n  }).then(() => {\n    cy.get('.datepicker-dropdown').find('.datepicker-switch').first().then(currentDate => {\n      if (!currentDate.text().includes(futureMonth)) {\n        cy.get('.next').first().click();\n        selectMonthAndYear();\n        // klikci dok ne stoignes do sl godine\n      }\n    });\n  });\n}\nfunction selectFutureDay() {\n  cy.get('[class=\"day\"]').contains(futureDay).click();\n}\nselectMonthAndYear();\nselectFutureDay();\ncy.log('Future day to select: ' + futureDay);\ncy.log('Future month to select: ' + futureMonth);\ncy.log('Future year to select: ' + futureYear);",
              "err": {},
              "uuid": "4ed266b1-c677-4f09-9683-21547a61ca8f",
              "parentUUID": "a6fa9be8-cf9b-4c83-a9f7-266a396bc0ff",
              "isHook": false,
              "skipped": false
            }
          ],
          "suites": [],
          "passes": [
            "4ed266b1-c677-4f09-9683-21547a61ca8f"
          ],
          "failures": [],
          "pending": [],
          "skipped": [],
          "duration": 2290,
          "root": false,
          "rootEmpty": false,
          "_timeout": 2000
        }
      ],
      "passes": [],
      "failures": [],
      "pending": [],
      "skipped": [],
      "duration": 0,
      "root": true,
      "rootEmpty": true,
      "_timeout": 2000
    },
    {
      "uuid": "409e6dbb-dbb3-47d1-9d51-bf2b5e3b6872",
      "title": "",
      "fullFile": "cypress/e2e/webdriver-uni/file-upload.js",
      "file": "cypress/e2e/webdriver-uni/file-upload.js",
      "beforeHooks": [],
      "afterHooks": [],
      "tests": [],
      "suites": [
        {
          "uuid": "50ba13c5-c596-4fc6-a45b-3f219dfa5479",
          "title": "Test File Upload via vebdriveruni",
          "fullFile": "",
          "file": "",
          "beforeHooks": [],
          "afterHooks": [],
          "tests": [
            {
              "title": "Upload a file...",
              "fullTitle": "Test File Upload via vebdriveruni Upload a file...",
              "timedOut": null,
              "duration": 1001,
              "state": "passed",
              "speed": "fast",
              "pass": true,
              "fail": false,
              "pending": false,
              "context": null,
              "code": "cy.get('#myFile').selectFile('cypress/fixtures/laptop.webp');\ncy.get('#submit-button').click();\ncy.on('window:alert', str => {\n  expect(str).to.eq('Your file has now been uploaded!');\n});",
              "err": {},
              "uuid": "a3ead7ac-8e93-4bfb-ad93-453535b915db",
              "parentUUID": "50ba13c5-c596-4fc6-a45b-3f219dfa5479",
              "isHook": false,
              "skipped": false
            },
            {
              "title": "Upload no file...",
              "fullTitle": "Test File Upload via vebdriveruni Upload no file...",
              "timedOut": null,
              "duration": 323,
              "state": "passed",
              "speed": "fast",
              "pass": true,
              "fail": false,
              "pending": false,
              "context": null,
              "code": "cy.get('#submit-button').click();\ncy.on('window:alert', str => {\n  expect(str).to.eq('You need to select a file to upload!');\n});",
              "err": {},
              "uuid": "c6e5561e-4cb2-413f-98e8-5fefad25c464",
              "parentUUID": "50ba13c5-c596-4fc6-a45b-3f219dfa5479",
              "isHook": false,
              "skipped": false
            }
          ],
          "suites": [],
          "passes": [
            "a3ead7ac-8e93-4bfb-ad93-453535b915db",
            "c6e5561e-4cb2-413f-98e8-5fefad25c464"
          ],
          "failures": [],
          "pending": [],
          "skipped": [],
          "duration": 1324,
          "root": false,
          "rootEmpty": false,
          "_timeout": 2000
        }
      ],
      "passes": [],
      "failures": [],
      "pending": [],
      "skipped": [],
      "duration": 0,
      "root": true,
      "rootEmpty": true,
      "_timeout": 2000
    },
    {
      "uuid": "147ebfc9-2c7a-4e18-8bec-a84b831b5493",
      "title": "",
      "fullFile": "cypress/e2e/webdriver-uni/iframe.js",
      "file": "cypress/e2e/webdriver-uni/iframe.js",
      "beforeHooks": [],
      "afterHooks": [],
      "tests": [],
      "suites": [
        {
          "uuid": "1e7b8d99-ba35-4511-8523-3a653a28c18d",
          "title": "Handling IFrame & Modals",
          "fullFile": "",
          "file": "",
          "beforeHooks": [],
          "afterHooks": [],
          "tests": [
            {
              "title": "Handle webdriveruni iframe and modal",
              "fullTitle": "Handling IFrame & Modals Handle webdriveruni iframe and modal",
              "timedOut": null,
              "duration": 1713,
              "state": "passed",
              "speed": "fast",
              "pass": true,
              "fail": false,
              "pending": false,
              "context": null,
              "code": "//cypress code\ncy.visit('http://www.webdriveruniversity.com/');\ncy.get('#iframe').invoke('removeAttr', 'target').click();\ncy.get('#frame').then($iframe => {\n  const body = $iframe.contents().find('body');\n  // napravimo knstantu i jurimo body tag\n  cy.wrap(body).as('iframe');\n});\ncy.get('@iframe').find('#button-find-out-more').click();\ncy.get('@iframe').find('#myModal').as('modal');\n// mora da se nadje modal\n// ovo ispod sam ja probao i radilo je\n//cy.get('@modal').contains('Welcome to webdriveruniversity.com we sell a wide range of electrical goods such as laptops, game consoles, cameras...')\ncy.get('@modal').should($expectedText => {\n  const textModal = $expectedText.text();\n  expect(textModal).to.include('Welcome to webdriveruniversity.com we sell a wide range of electrical goods');\n  //                      sa include mne mora ceo tekst\n});\ncy.get('@modal').contains('Close').click();",
              "err": {},
              "uuid": "20669c61-3757-4a66-bba0-5fb0f830b701",
              "parentUUID": "1e7b8d99-ba35-4511-8523-3a653a28c18d",
              "isHook": false,
              "skipped": false
            }
          ],
          "suites": [],
          "passes": [
            "20669c61-3757-4a66-bba0-5fb0f830b701"
          ],
          "failures": [],
          "pending": [],
          "skipped": [],
          "duration": 1713,
          "root": false,
          "rootEmpty": false,
          "_timeout": 2000
        }
      ],
      "passes": [],
      "failures": [],
      "pending": [],
      "skipped": [],
      "duration": 0,
      "root": true,
      "rootEmpty": true,
      "_timeout": 2000
    },
    {
      "uuid": "7b79fae9-406b-474b-b670-4a124aa05e43",
      "title": "",
      "fullFile": "cypress/e2e/webdriver-uni/js-alerts.js",
      "file": "cypress/e2e/webdriver-uni/js-alerts.js",
      "beforeHooks": [],
      "afterHooks": [],
      "tests": [],
      "suites": [
        {
          "uuid": "35c4752e-4796-4526-8c47-4efd83abe4e9",
          "title": "Handle JS alerts",
          "fullFile": "",
          "file": "",
          "beforeHooks": [],
          "afterHooks": [],
          "tests": [
            {
              "title": "Validate JS confirm alert box using a stub",
              "fullTitle": "Handle JS alerts Validate JS confirm alert box using a stub",
              "timedOut": null,
              "duration": 750,
              "state": "passed",
              "speed": "fast",
              "pass": true,
              "fail": false,
              "pending": false,
              "context": null,
              "code": "cy.visit('http://www.webdriveruniversity.com/');\ncy.get('#popup-alerts').invoke('removeAttr', 'target').click();\nconst stub = cy.stub();\ncy.on('window:confirm', stub);\n// linkovali smo stub na event \ncy.get('#button4').click().then(() => {\n  expect(stub.getCall(0)).to.be.calledWith('Press a button!');\n  //     0 je jer ima samo jedna poruka tj jedan rezultat\n  //                                      tekst koji se pojavljuje u alertu\n}).then(() => {\n  return true;\n}).then(() => {\n  cy.get('#confirm-alert-text').contains('You pressed OK!');\n});",
              "err": {},
              "uuid": "054b78fc-eb71-49c6-b481-2d8529ec530d",
              "parentUUID": "35c4752e-4796-4526-8c47-4efd83abe4e9",
              "isHook": false,
              "skipped": false
            }
          ],
          "suites": [],
          "passes": [
            "054b78fc-eb71-49c6-b481-2d8529ec530d"
          ],
          "failures": [],
          "pending": [],
          "skipped": [],
          "duration": 750,
          "root": false,
          "rootEmpty": false,
          "_timeout": 2000
        }
      ],
      "passes": [],
      "failures": [],
      "pending": [],
      "skipped": [],
      "duration": 0,
      "root": true,
      "rootEmpty": true,
      "_timeout": 2000
    },
    {
      "uuid": "57d66f30-2e1d-4eb3-afaa-d63013c07672",
      "title": "",
      "fullFile": "cypress/e2e/webdriver-uni/mouse-actions.js",
      "file": "cypress/e2e/webdriver-uni/mouse-actions.js",
      "beforeHooks": [],
      "afterHooks": [],
      "tests": [],
      "suites": [
        {
          "uuid": "ac4c73e7-7a3d-4668-8b91-fac2624bd62e",
          "title": "Test mouse actions",
          "fullFile": "",
          "file": "",
          "beforeHooks": [],
          "afterHooks": [],
          "tests": [
            {
              "title": "Scroll element into views",
              "fullTitle": "Test mouse actions Scroll element into views",
              "timedOut": null,
              "duration": 33696,
              "state": "passed",
              "speed": "slow",
              "pass": true,
              "fail": false,
              "pending": false,
              "context": null,
              "code": "cy.visit('http://www.webdriveruniversity.com/');\ncy.get('#actions').scrollIntoView().invoke('removeAttr', 'target').click();\n//                skroluje se do elementa pre bilo kakve akcije",
              "err": {},
              "uuid": "5b2a0e39-617f-406d-9ec5-65e2072ba6a0",
              "parentUUID": "ac4c73e7-7a3d-4668-8b91-fac2624bd62e",
              "isHook": false,
              "skipped": false
            },
            {
              "title": "I should be able to drag and drop a draggable item",
              "fullTitle": "Test mouse actions I should be able to drag and drop a draggable item",
              "timedOut": null,
              "duration": 431,
              "state": "passed",
              "speed": "fast",
              "pass": true,
              "fail": false,
              "pending": false,
              "context": null,
              "code": "cy.visit('http://www.webdriveruniversity.com/');\ncy.get('#actions').scrollIntoView().invoke('removeAttr', 'target').click();\n//                skroluje se do elementa pre bilo kakve akcije\ncy.get('#draggable').trigger('mousedown', {\n  which: 1\n});\n//                         dodejmo misem | klik na centar elementa\ncy.get('#droppable').trigger('mousemove').trigger('mouseup', {\n  force: true\n});\n//                              uzimamo misem  |  pustanje klika",
              "err": {},
              "uuid": "c4b2bfdb-b262-4acc-aaf9-a3a3f2622f7a",
              "parentUUID": "ac4c73e7-7a3d-4668-8b91-fac2624bd62e",
              "isHook": false,
              "skipped": false
            },
            {
              "title": "I should be able to perform a double mouse click",
              "fullTitle": "Test mouse actions I should be able to perform a double mouse click",
              "timedOut": null,
              "duration": 749,
              "state": "passed",
              "speed": "fast",
              "pass": true,
              "fail": false,
              "pending": false,
              "context": null,
              "code": "cy.visit('http://www.webdriveruniversity.com/');\ncy.get('#actions').scrollIntoView().invoke('removeAttr', 'target').click();\n//                skroluje se do elementa pre bilo kakve akcije\ncy.get('#double-click').dblclick();\ncy.get('#double-click').dblclick();\ncy.get('#double-click').dblclick();\ncy.get('#double-click').dblclick();\ncy.get('#double-click').dblclick();\ncy.get('#double-click').dblclick();",
              "err": {},
              "uuid": "27039fae-0aea-4f26-907e-d48d4bed75ee",
              "parentUUID": "ac4c73e7-7a3d-4668-8b91-fac2624bd62e",
              "isHook": false,
              "skipped": false
            },
            {
              "title": "I should be able to hold down left mouse click button on a given element",
              "fullTitle": "Test mouse actions I should be able to hold down left mouse click button on a given element",
              "timedOut": null,
              "duration": 382,
              "state": "passed",
              "speed": "fast",
              "pass": true,
              "fail": false,
              "pending": false,
              "context": null,
              "code": "cy.visit('http://www.webdriveruniversity.com/');\ncy.get('#actions').scrollIntoView().invoke('removeAttr', 'target').click();\n//                skroluje se do elementa pre bilo kakve akcije\ncy.get('#click-box').trigger('mousedown', {\n  which: 1\n}).then($element => {\n  //                       klik sa zadrskom | centar elementa\n  expect($element).to.have.css('background-color', 'rgb(0, 255, 0)');\n  //                              atr css-a      |    ocekujemo ovu boju na klik i zadrsku\n});",
              "err": {},
              "uuid": "4e2d590a-73e6-402d-81b8-2f1d5f13574a",
              "parentUUID": "ac4c73e7-7a3d-4668-8b91-fac2624bd62e",
              "isHook": false,
              "skipped": false
            }
          ],
          "suites": [],
          "passes": [
            "5b2a0e39-617f-406d-9ec5-65e2072ba6a0",
            "c4b2bfdb-b262-4acc-aaf9-a3a3f2622f7a",
            "27039fae-0aea-4f26-907e-d48d4bed75ee",
            "4e2d590a-73e6-402d-81b8-2f1d5f13574a"
          ],
          "failures": [],
          "pending": [],
          "skipped": [],
          "duration": 35258,
          "root": false,
          "rootEmpty": false,
          "_timeout": 2000
        }
      ],
      "passes": [],
      "failures": [],
      "pending": [],
      "skipped": [],
      "duration": 0,
      "root": true,
      "rootEmpty": true,
      "_timeout": 2000
    },
    {
      "uuid": "f871d6b3-ee96-422c-8810-4ed641ee0246",
      "title": "",
      "fullFile": "cypress/e2e/webdriver-uni/radio-buttons.js",
      "file": "cypress/e2e/webdriver-uni/radio-buttons.js",
      "beforeHooks": [],
      "afterHooks": [],
      "tests": [],
      "suites": [
        {
          "uuid": "53dcbc4d-207a-4328-be20-b38060e6c733",
          "title": "Verify radio buttons via webdriveruni",
          "fullFile": "",
          "file": "",
          "beforeHooks": [],
          "afterHooks": [],
          "tests": [
            {
              "title": "Check specific radio buttons",
              "fullTitle": "Verify radio buttons via webdriveruni Check specific radio buttons",
              "timedOut": null,
              "duration": 784,
              "state": "passed",
              "speed": "fast",
              "pass": true,
              "fail": false,
              "pending": false,
              "context": null,
              "code": "//cy.visit('http://www.webdriveruniversity.com/')\n//cy.get('#dropdown-checkboxes-radiobuttons').invoke('removeAttr', 'target').click()\ncy.get('#radio-buttons').find('[type=\"radio\"]').first().check();\ncy.get('#radio-buttons').find('[type=\"radio\"]').eq(2).check();\n//                                         ovo je index i zato je trecu izabralo iako je prvo prvu",
              "err": {},
              "uuid": "3e7c3f4a-1cdf-45e5-9858-f83fa29c999f",
              "parentUUID": "53dcbc4d-207a-4328-be20-b38060e6c733",
              "isHook": false,
              "skipped": false
            },
            {
              "title": "Validate state of specific radio buttons",
              "fullTitle": "Verify radio buttons via webdriveruni Validate state of specific radio buttons",
              "timedOut": null,
              "duration": 294,
              "state": "passed",
              "speed": "fast",
              "pass": true,
              "fail": false,
              "pending": false,
              "context": null,
              "code": "//cy.visit('http://www.webdriveruniversity.com/')\n//cy.get('#dropdown-checkboxes-radiobuttons').invoke('removeAttr', 'target').click()\n// [value='lettuce']\n// [value='cabbage']\n// [value='pumpkin']\ncy.get('[value=\"lettuce\"]').should('not.be.checked');\ncy.get('[value=\"pumpkin\"]').should('be.checked');\ncy.get('[value=\"lettuce\"]').check();\ncy.get('[value=\"lettuce\"]').should('be.checked');\ncy.get('[value=\"pumpkin\"]').should('not.be.checked');\ncy.get(\"[value='cabbage']\").should('be.disabled');",
              "err": {},
              "uuid": "dfcd731f-3a71-4ec8-99b5-ba82fd70d55d",
              "parentUUID": "53dcbc4d-207a-4328-be20-b38060e6c733",
              "isHook": false,
              "skipped": false
            }
          ],
          "suites": [],
          "passes": [
            "3e7c3f4a-1cdf-45e5-9858-f83fa29c999f",
            "dfcd731f-3a71-4ec8-99b5-ba82fd70d55d"
          ],
          "failures": [],
          "pending": [],
          "skipped": [],
          "duration": 1078,
          "root": false,
          "rootEmpty": false,
          "_timeout": 2000
        }
      ],
      "passes": [],
      "failures": [],
      "pending": [],
      "skipped": [],
      "duration": 0,
      "root": true,
      "rootEmpty": true,
      "_timeout": 2000
    },
    {
      "uuid": "ef87981e-7da0-4114-b1c6-47fff9162574",
      "title": "",
      "fullFile": "cypress/e2e/webdriver-uni/select-dropdown-list.js",
      "file": "cypress/e2e/webdriver-uni/select-dropdown-list.js",
      "beforeHooks": [],
      "afterHooks": [],
      "tests": [],
      "suites": [
        {
          "uuid": "e5eabb97-a8a0-4021-ae90-ae8771afe564",
          "title": "Interact with dropdown lists via webdriveruni",
          "fullFile": "",
          "file": "",
          "beforeHooks": [],
          "afterHooks": [],
          "tests": [
            {
              "title": "Select specific values via select dropdown lists",
              "fullTitle": "Interact with dropdown lists via webdriveruni Select specific values via select dropdown lists",
              "timedOut": null,
              "duration": 1339,
              "state": "passed",
              "speed": "fast",
              "pass": true,
              "fail": false,
              "pending": false,
              "context": null,
              "code": "cy.visit('http://www.webdriveruniversity.com/');\ncy.get('#dropdown-checkboxes-radiobuttons').invoke('removeAttr', 'target').click();\n// dropdowm-menu-1\ncy.get('#dropdowm-menu-1').select('c#');\ncy.get('#dropdowm-menu-2').select('testng').should('have.value', 'testng');\n//cy.get('#dropdowm-menu-3').select('jquery')\n//                                  ovje iz attr value a moze i tekst html-a JQuery\ncy.get('#dropdowm-menu-3').select('JQuery').contains('JQuery');\n// zadatak\ncy.get('#dropdowm-menu-2').select('maven').should('have.value', 'maven');\ncy.get('#dropdowm-menu-2').select('TestNG').contains('TestNG');",
              "err": {},
              "uuid": "606b1a16-9b2b-4c9e-9721-9e5436f0bc3a",
              "parentUUID": "e5eabb97-a8a0-4021-ae90-ae8771afe564",
              "isHook": false,
              "skipped": false
            }
          ],
          "suites": [],
          "passes": [
            "606b1a16-9b2b-4c9e-9721-9e5436f0bc3a"
          ],
          "failures": [],
          "pending": [],
          "skipped": [],
          "duration": 1339,
          "root": false,
          "rootEmpty": false,
          "_timeout": 2000
        }
      ],
      "passes": [],
      "failures": [],
      "pending": [],
      "skipped": [],
      "duration": 0,
      "root": true,
      "rootEmpty": true,
      "_timeout": 2000
    },
    {
      "uuid": "71052cec-109a-4c7c-9a3d-05c77a2e8245",
      "title": "",
      "fullFile": "cypress/e2e/webdriver-uni/selectors.js",
      "file": "cypress/e2e/webdriver-uni/selectors.js",
      "beforeHooks": [],
      "afterHooks": [],
      "tests": [],
      "suites": [
        {
          "uuid": "c1f4959b-cdd3-4f54-835e-d61f7824e7d3",
          "title": "Selector examples",
          "fullFile": "",
          "file": "",
          "beforeHooks": [],
          "afterHooks": [],
          "tests": [
            {
              "title": "Examples of Selectors via WebdriverUni Contact Us Page",
              "fullTitle": "Selector examples Examples of Selectors via WebdriverUni Contact Us Page",
              "timedOut": null,
              "duration": 329,
              "state": "passed",
              "speed": "fast",
              "pass": true,
              "fail": false,
              "pending": false,
              "context": null,
              "code": "cy.visit('http://www.webdriveruniversity.com/Contact-Us/contactus.html');\n// By tag name\ncy.get(\"input\");\n// By attribute name and value\ncy.get(\"input[name='first_name']\");\n// By ID\ncy.get(\"#contact_me\");\n// By Class\ncy.get(\".feedback-input\");\n//By multiple classes\ncy.get(\"[class='navbar navbar-inverse navbar-fixed-top']\");\n// By two different attributes\ncy.get(\"[name='email'][placeholder='Email Address']\");\n// By Xpath\ncy.xpath(\"//input[@name='first_name']\");",
              "err": {},
              "uuid": "50e9de58-a245-4c83-9b04-b94090e661eb",
              "parentUUID": "c1f4959b-cdd3-4f54-835e-d61f7824e7d3",
              "isHook": false,
              "skipped": false
            }
          ],
          "suites": [],
          "passes": [
            "50e9de58-a245-4c83-9b04-b94090e661eb"
          ],
          "failures": [],
          "pending": [],
          "skipped": [],
          "duration": 329,
          "root": false,
          "rootEmpty": false,
          "_timeout": 2000
        }
      ],
      "passes": [],
      "failures": [],
      "pending": [],
      "skipped": [],
      "duration": 0,
      "root": true,
      "rootEmpty": true,
      "_timeout": 2000
    },
    {
      "uuid": "f226b486-d11f-4051-b837-a5ac46df8204",
      "title": "",
      "fullFile": "cypress/e2e/webdriver-uni/traversing-elements.js",
      "file": "cypress/e2e/webdriver-uni/traversing-elements.js",
      "beforeHooks": [],
      "afterHooks": [],
      "tests": [],
      "suites": [
        {
          "uuid": "127b9d4b-541d-48e4-acb5-743c1972d94b",
          "title": "Traversing DOM elements in Cypress",
          "fullFile": "",
          "file": "",
          "beforeHooks": [],
          "afterHooks": [],
          "tests": [
            {
              "title": "children() to get the children of DOM elements",
              "fullTitle": "Traversing DOM elements in Cypress children() to get the children of DOM elements",
              "timedOut": null,
              "duration": 665,
              "state": "passed",
              "speed": "fast",
              "pass": true,
              "fail": false,
              "pending": false,
              "context": null,
              "code": "cy.get('.traversal-breadcrumb').children('.active').should('contain', 'Contact Us');\n//                                         active je klasa Contac Us linka",
              "err": {},
              "uuid": "30f33b60-c36e-4651-b98b-99ee4863e7e4",
              "parentUUID": "127b9d4b-541d-48e4-acb5-743c1972d94b",
              "isHook": false,
              "skipped": false
            },
            {
              "title": "closest() to validate the closest ancestor DOM element",
              "fullTitle": "Traversing DOM elements in Cypress closest() to validate the closest ancestor DOM element",
              "timedOut": null,
              "duration": 232,
              "state": "passed",
              "speed": "fast",
              "pass": true,
              "fail": false,
              "pending": false,
              "context": null,
              "code": "cy.get('.traversal-badge').closest('ul').should('have.class', 'list-group');\n//                     najblize ali iznad, kao roditelj recimo ali jedinstven | ul tag",
              "err": {},
              "uuid": "94b40d92-5ce1-48fd-86d6-a00b81951bc2",
              "parentUUID": "127b9d4b-541d-48e4-acb5-743c1972d94b",
              "isHook": false,
              "skipped": false
            },
            {
              "title": "eq() to retrieve a specific element based on index",
              "fullTitle": "Traversing DOM elements in Cypress eq() to retrieve a specific element based on index",
              "timedOut": null,
              "duration": 215,
              "state": "passed",
              "speed": "fast",
              "pass": true,
              "fail": false,
              "pending": false,
              "context": null,
              "code": "cy.get('.traversal-drinks-list > *').eq(2).should('contain', 'Milk');\n//        u listi klase trazimo element idexa 2 sto je mleko i assertujemo da je u htmlu mleko",
              "err": {},
              "uuid": "729fb516-9e77-4081-b87e-82ac45d4216a",
              "parentUUID": "127b9d4b-541d-48e4-acb5-743c1972d94b",
              "isHook": false,
              "skipped": false
            },
            {
              "title": "filter() to retrieve DOM elements that match a specific selector",
              "fullTitle": "Traversing DOM elements in Cypress filter() to retrieve DOM elements that match a specific selector",
              "timedOut": null,
              "duration": 213,
              "state": "passed",
              "speed": "fast",
              "pass": true,
              "fail": false,
              "pending": false,
              "context": null,
              "code": "cy.get('.btn-group-toggle > *').filter('.active').should('contain', 'Button-1');\n//      trazimo sve elemente koji umaju klasu active u klasi.btn-group-toggle",
              "err": {},
              "uuid": "7279438e-9b08-4e66-8763-7fca0ac63d39",
              "parentUUID": "127b9d4b-541d-48e4-acb5-743c1972d94b",
              "isHook": false,
              "skipped": false
            },
            {
              "title": "find() to retrieve DOM elements of a given selector",
              "fullTitle": "Traversing DOM elements in Cypress find() to retrieve DOM elements of a given selector",
              "timedOut": null,
              "duration": 213,
              "state": "passed",
              "speed": "fast",
              "pass": true,
              "fail": false,
              "pending": false,
              "context": null,
              "code": "cy.get('.traversal-pagination').find('li').find('a').should('have.length', 7);",
              "err": {},
              "uuid": "a24cb56c-865b-440a-ace7-0b88f1424b9e",
              "parentUUID": "127b9d4b-541d-48e4-acb5-743c1972d94b",
              "isHook": false,
              "skipped": false
            },
            {
              "title": "first() to retrieve the first DOM element within elements ",
              "fullTitle": "Traversing DOM elements in Cypress first() to retrieve the first DOM element within elements ",
              "timedOut": null,
              "duration": 212,
              "state": "passed",
              "speed": "fast",
              "pass": true,
              "fail": false,
              "pending": false,
              "context": null,
              "code": "cy.get('.traversal-table > tbody >tr > td').first().should('contain', 'Andy');",
              "err": {},
              "uuid": "4b08df22-5b5d-4966-adf1-08c644f59a40",
              "parentUUID": "127b9d4b-541d-48e4-acb5-743c1972d94b",
              "isHook": false,
              "skipped": false
            },
            {
              "title": "last() to retrieve the last DOM element within elements",
              "fullTitle": "Traversing DOM elements in Cypress last() to retrieve the last DOM element within elements",
              "timedOut": null,
              "duration": 209,
              "state": "passed",
              "speed": "fast",
              "pass": true,
              "fail": false,
              "pending": false,
              "context": null,
              "code": "cy.get('.traversal-table > tbody >tr > td').last().should('contain', 'Scott');",
              "err": {},
              "uuid": "b50df316-df1a-4f36-b1e3-81da58403b89",
              "parentUUID": "127b9d4b-541d-48e4-acb5-743c1972d94b",
              "isHook": false,
              "skipped": false
            },
            {
              "title": "nextAll() to get all of the next sibling DOM elements within elements",
              "fullTitle": "Traversing DOM elements in Cypress nextAll() to get all of the next sibling DOM elements within elements",
              "timedOut": null,
              "duration": 212,
              "state": "passed",
              "speed": "fast",
              "pass": true,
              "fail": false,
              "pending": false,
              "context": null,
              "code": "cy.get('.traversal-drinks-list').contains('Tea').nextAll().should('have.length', '3');\n//                                              sledecih siblingsa (braca i sestre) ima 3",
              "err": {},
              "uuid": "d926bbc2-c32c-437b-ad15-0c776930d5f0",
              "parentUUID": "127b9d4b-541d-48e4-acb5-743c1972d94b",
              "isHook": false,
              "skipped": false
            },
            {
              "title": "nextUntil() to get all of the next sibling DOM elements within elements until another element",
              "fullTitle": "Traversing DOM elements in Cypress nextUntil() to get all of the next sibling DOM elements within elements until another element",
              "timedOut": null,
              "duration": 213,
              "state": "passed",
              "speed": "fast",
              "pass": true,
              "fail": false,
              "pending": false,
              "context": null,
              "code": "cy.get('#tea').nextUntil('#espresso');",
              "err": {},
              "uuid": "f33e23b3-dfff-4239-ae38-5cb12a517414",
              "parentUUID": "127b9d4b-541d-48e4-acb5-743c1972d94b",
              "isHook": false,
              "skipped": false
            },
            {
              "title": "not() to remove DOM element(s) from the set of elements",
              "fullTitle": "Traversing DOM elements in Cypress not() to remove DOM element(s) from the set of elements",
              "timedOut": null,
              "duration": 206,
              "state": "passed",
              "speed": "fast",
              "pass": true,
              "fail": false,
              "pending": false,
              "context": null,
              "code": "cy.get('.traversal-button-states > button').not('.disabled').should('not.have.class', 'disabled');",
              "err": {},
              "uuid": "54f22e67-365a-4559-99e1-489de46eb167",
              "parentUUID": "127b9d4b-541d-48e4-acb5-743c1972d94b",
              "isHook": false,
              "skipped": false
            },
            {
              "title": "parent() To get parent DOM element of elements",
              "fullTitle": "Traversing DOM elements in Cypress parent() To get parent DOM element of elements",
              "timedOut": null,
              "duration": 215,
              "state": "passed",
              "speed": "fast",
              "pass": true,
              "fail": false,
              "pending": false,
              "context": null,
              "code": "cy.get('.traversal-mark').parent().should('contain', 'consectetur adipiscing elit');\n//                                                 tekst koji se nalai u p tagu koji je roditelj elementa iz get",
              "err": {},
              "uuid": "54b40348-5ac8-41ac-b4c8-7b3ba2355934",
              "parentUUID": "127b9d4b-541d-48e4-acb5-743c1972d94b",
              "isHook": false,
              "skipped": false
            },
            {
              "title": "parents() to get parents DOM element of elements",
              "fullTitle": "Traversing DOM elements in Cypress parents() to get parents DOM element of elements",
              "timedOut": null,
              "duration": 234,
              "state": "passed",
              "speed": "fast",
              "pass": true,
              "fail": false,
              "pending": false,
              "context": null,
              "code": "cy.get('.traversal-cite').parents().should('match', 'blockquote');\n//                                                    tag blockquote",
              "err": {},
              "uuid": "d34df577-7c08-488e-95e2-26711713d5be",
              "parentUUID": "127b9d4b-541d-48e4-acb5-743c1972d94b",
              "isHook": false,
              "skipped": false
            },
            {
              "title": "prev() to get the previous sibling DOM element within elements",
              "fullTitle": "Traversing DOM elements in Cypress prev() to get the previous sibling DOM element within elements",
              "timedOut": null,
              "duration": 215,
              "state": "passed",
              "speed": "fast",
              "pass": true,
              "fail": false,
              "pending": false,
              "context": null,
              "code": "cy.get('#espresso').prev().contains('Milk');",
              "err": {},
              "uuid": "a70d1eb7-63f0-480f-984d-21d239aab8d7",
              "parentUUID": "127b9d4b-541d-48e4-acb5-743c1972d94b",
              "isHook": false,
              "skipped": false
            },
            {
              "title": "prevAll() to get all previous sibling DOM elements within elements",
              "fullTitle": "Traversing DOM elements in Cypress prevAll() to get all previous sibling DOM elements within elements",
              "timedOut": null,
              "duration": 209,
              "state": "passed",
              "speed": "fast",
              "pass": true,
              "fail": false,
              "pending": false,
              "context": null,
              "code": "cy.get('.sales').prevAll().should('have.length', 2);\n//                                iznad .sales ima dva do roditelja",
              "err": {},
              "uuid": "bf4ada4a-9954-4f9a-b5e9-b3f56961e828",
              "parentUUID": "127b9d4b-541d-48e4-acb5-743c1972d94b",
              "isHook": false,
              "skipped": false
            },
            {
              "title": "prevUntil() to get all previous sibling DOM elements within elements until other element",
              "fullTitle": "Traversing DOM elements in Cypress prevUntil() to get all previous sibling DOM elements within elements until other element",
              "timedOut": null,
              "duration": 212,
              "state": "passed",
              "speed": "fast",
              "pass": true,
              "fail": false,
              "pending": false,
              "context": null,
              "code": "cy.get('#veggie').prevUntil('#fruits').should('have.length', 5);\n//                                              sesti je iznad ali je izmedju 5",
              "err": {},
              "uuid": "02a69c73-21f3-4f00-98d6-8a8910c3cc84",
              "parentUUID": "127b9d4b-541d-48e4-acb5-743c1972d94b",
              "isHook": false,
              "skipped": false
            },
            {
              "title": "siblings() To get all sibling DOM elements of elements",
              "fullTitle": "Traversing DOM elements in Cypress siblings() To get all sibling DOM elements of elements",
              "timedOut": null,
              "duration": 210,
              "state": "passed",
              "speed": "fast",
              "pass": true,
              "fail": false,
              "pending": false,
              "context": null,
              "code": "cy.get('.traversal-button-other-states .active').siblings().should('have.length', 3);\n//                                              broj preostale brace i sestre do roditelja ili dece",
              "err": {},
              "uuid": "3c0ad8d7-cd6f-4fba-80ac-949a66088ba7",
              "parentUUID": "127b9d4b-541d-48e4-acb5-743c1972d94b",
              "isHook": false,
              "skipped": false
            }
          ],
          "suites": [],
          "passes": [
            "30f33b60-c36e-4651-b98b-99ee4863e7e4",
            "94b40d92-5ce1-48fd-86d6-a00b81951bc2",
            "729fb516-9e77-4081-b87e-82ac45d4216a",
            "7279438e-9b08-4e66-8763-7fca0ac63d39",
            "a24cb56c-865b-440a-ace7-0b88f1424b9e",
            "4b08df22-5b5d-4966-adf1-08c644f59a40",
            "b50df316-df1a-4f36-b1e3-81da58403b89",
            "d926bbc2-c32c-437b-ad15-0c776930d5f0",
            "f33e23b3-dfff-4239-ae38-5cb12a517414",
            "54f22e67-365a-4559-99e1-489de46eb167",
            "54b40348-5ac8-41ac-b4c8-7b3ba2355934",
            "d34df577-7c08-488e-95e2-26711713d5be",
            "a70d1eb7-63f0-480f-984d-21d239aab8d7",
            "bf4ada4a-9954-4f9a-b5e9-b3f56961e828",
            "02a69c73-21f3-4f00-98d6-8a8910c3cc84",
            "3c0ad8d7-cd6f-4fba-80ac-949a66088ba7"
          ],
          "failures": [],
          "pending": [],
          "skipped": [],
          "duration": 3885,
          "root": false,
          "rootEmpty": false,
          "_timeout": 2000
        }
      ],
      "passes": [],
      "failures": [],
      "pending": [],
      "skipped": [],
      "duration": 0,
      "root": true,
      "rootEmpty": true,
      "_timeout": 2000
    }
  ],
  "meta": {
    "mocha": {
      "version": "7.0.1"
    },
    "mochawesome": {
      "options": {
        "quiet": false,
        "reportFilename": "mochawesome",
        "saveHtml": false,
        "saveJson": true,
        "consoleReporter": "spec",
        "useInlineDiffs": false,
        "code": true
      },
      "version": "7.1.3"
    },
    "marge": {
      "options": {
        "id": "default",
        "reportDir": "cypress/results/mochawesome",
        "quite": true,
        "overwrite": false,
        "html": false,
        "json": true
      },
      "version": "6.2.0"
    }
  }
}